                             latency        interval
transaction       0:         1405471         1402778
transaction       1:          153907          153908
transaction       2:          293658          293659
transaction       3:          396937          396938
transaction       4:          165996          165997
transaction       5:          326214          324412
transaction       6:          422477          420675
transaction       7:           60941           60942
transaction       8:          131266          131267
transaction       9:          237028          237029
transaction      10:           74494           74495
transaction      11:          144584          143006
transaction      12:          242963          241385
transaction      13:           26612           26613
transaction      14:           50204           50205
transaction      15:          116952          116953
transaction      16:           32420           32421
transaction      17:           50204           50205
transaction      18:          116952          116953
transaction      19:           40878           40879
transaction      20:           68574           68575
transaction      21:          186556          186557
transaction      22:           48510           48511
transaction      23:           68574           68575
transaction      24:          186556          186557
transaction      25:          171894          171895
transaction      26:          171894          171895
transaction      27:          171894          171895
transaction      28:          171894               x
